*********Bag of words********
         file.txt  file1.txt file3.txt file4.txt
file.txt  X         69.03     0.0       25.82    
file1.txt 69.03     X         0.0       49.51    
file3.txt 0.0       0.0       X         36.51    
file4.txt 25.82     49.51     36.51     X        
*********Longest Sequence Substring********
         file.txt  file1.txt file3.txt file4.txt
file.txt  X         39.25     11.94     40.54    
file1.txt 39.25     X         13.95     34.41    
file3.txt 11.94     13.95     X         41.51    
file4.txt 40.54     34.41     41.51     X        
---------------------------------------------------------------------------------
*********Bag of words********
         file.txt  file1.txt file3.txt file4.txt
file.txt  X         69.03     0.0       25.82    
file1.txt 69.03     X         0.0       49.51    
file3.txt 0.0       0.0       X         36.51    
file4.txt 25.82     49.51     36.51     X        
*********Longest Sequence Substring********
         file.txt  file1.txt file3.txt file4.txt
file.txt  X         39.25     11.94     40.54    
file1.txt 39.25     X         13.95     34.41    
file3.txt 11.94     13.95     X         41.51    
file4.txt 40.54     34.41     41.51     X        
---------------------------------------------------------------------------------
*********Bag of words********
         file.txt  file1.txt file3.txt file4.txt
file.txt  X         69.03     0.0       25.82    
file1.txt 69.03     X         0.0       49.51    
file3.txt 0.0       0.0       X         36.51    
file4.txt 25.82     49.51     36.51     X        
*********Longest Sequence Substring********
         file.txt  file1.txt file3.txt file4.txt
file.txt  X         39.25     11.94     40.54    
file1.txt 39.25     X         13.95     34.41    
file3.txt 11.94     13.95     X         41.51    
file4.txt 40.54     34.41     41.51     X        
---------------------------------------------------------------------------------
1503554396.7456963
*********Bag of words********
         file.txt  file1.txt file3.txt file4.txt
file.txt  X         69.03     0.0       25.82    
file1.txt 69.03     X         0.0       49.51    
file3.txt 0.0       0.0       X         36.51    
file4.txt 25.82     49.51     36.51     X        
*********Longest Sequence Substring********
         file.txt  file1.txt file3.txt file4.txt
file.txt  X         39.25     11.94     40.54    
file1.txt 39.25     X         13.95     34.41    
file3.txt 11.94     13.95     X         41.51    
file4.txt 40.54     34.41     41.51     X        
---------------------------------------------------------------------------------
2017-08-24 11:31:37
*********Bag of words********
         file.txt  file1.txt file3.txt file4.txt
file.txt  X         69.03     0.0       25.82    
file1.txt 69.03     X         0.0       49.51    
file3.txt 0.0       0.0       X         36.51    
file4.txt 25.82     49.51     36.51     X        
*********Longest Sequence Substring********
         file.txt  file1.txt file3.txt file4.txt
file.txt  X         39.25     11.94     40.54    
file1.txt 39.25     X         13.95     34.41    
file3.txt 11.94     13.95     X         41.51    
file4.txt 40.54     34.41     41.51     X        
---------------------------------------------------------------------------------
2017-08-24 11:32:59
*********Bag of words********
         file.txt  file1.txt file3.txt file4.txt
file.txt  X         69.03     0.0       0        
file1.txt 69.03     X         0.0       0        
file3.txt 0.0       0.0       X         0        
file4.txt 0         0         0         X        
*********Longest Sequence Substring********
         file.txt  file1.txt file3.txt file4.txt
file.txt  X         39.25     11.94              
file1.txt 39.25     X         13.95              
file3.txt 11.94     13.95     X                  
file4.txt                               X        
---------------------------------------------------------------------------------
Ecexuted on : 2017-08-24 11:39:53
*********Bag of words********
         file.txt  file1.txt file3.txt file4.txt
file.txt  X         69.03     0.0       0        
file1.txt 69.03     X         0.0       0        
file3.txt 0.0       0.0       X         0        
file4.txt 0         0         0         X        
*********Longest Sequence Substring********
         file.txt  file1.txt file3.txt file4.txt
file.txt  X         39.25     11.94              
file1.txt 39.25     X         13.95              
file3.txt 11.94     13.95     X                  
file4.txt                               X        
---------------------------------------------------------------------------------
Executed on : 2017-08-24 11:53:30
*********Bag of words********
         file.txt  file1.txt file3.txt file4.txt
file.txt  X         69.03     0.0       0        
file1.txt 69.03     X         0.0       0        
file3.txt 0.0       0.0       X         0        
file4.txt 0         0         0         X        
*********Longest Sequence Substring********
         file.txt  file1.txt file3.txt file4.txt
file.txt  X         39.25     11.94              
file1.txt 39.25     X         13.95              
file3.txt 11.94     13.95     X                  
file4.txt                               X        
---------------------------------------------------------------------------------
Executed on : 2017-08-24 11:59:05
*********Bag of words********
         file.txt  file1.txt file3.txt file4.txt
file.txt  X         69.03     0.0       0        
file1.txt 69.03     X         0.0       0        
file3.txt 0.0       0.0       X         0        
file4.txt 0         0         0         X        
*********Longest Sequence Substring********
         file.txt  file1.txt file3.txt file4.txt
file.txt  X         39.25     11.94              
file1.txt 39.25     X         13.95              
file3.txt 11.94     13.95     X                  
file4.txt                               X        
---------------------------------------------------------------------------------
